c:\users\false\desktop\rit things\swen261\seamlesscoopextension\dllscripting\dll project\x64\debug\nodeader.pch
c:\users\false\desktop\rit things\swen261\seamlesscoopextension\dllscripting\dll project\x64\debug\vc143.pdb
c:\users\false\desktop\rit things\swen261\seamlesscoopextension\dllscripting\dll project\x64\debug\vc143.idb
c:\users\false\desktop\rit things\swen261\seamlesscoopextension\dllscripting\dll project\x64\debug\pch.obj
c:\users\false\desktop\rit things\swen261\seamlesscoopextension\dllscripting\dll project\x64\debug\dllmain.obj
c:\users\false\desktop\rit things\swen261\seamlesscoopextension\dllscripting\dll project\x64\debug\worldchrman.obj
c:\users\false\desktop\rit things\swen261\seamlesscoopextension\dllscripting\dll project\x64\debug\nodeader.dll
c:\users\false\desktop\rit things\swen261\seamlesscoopextension\dllscripting\dll project\x64\debug\nodeader.ilk
c:\users\false\desktop\rit things\swen261\seamlesscoopextension\dllscripting\dll project\x64\debug\nodeader.pdb
c:\users\false\desktop\rit things\swen261\seamlesscoopextension\dllscripting\dll project\x64\debug\nodeader.tlog\cl.command.1.tlog
c:\users\false\desktop\rit things\swen261\seamlesscoopextension\dllscripting\dll project\x64\debug\nodeader.tlog\cl.read.1.tlog
c:\users\false\desktop\rit things\swen261\seamlesscoopextension\dllscripting\dll project\x64\debug\nodeader.tlog\cl.write.1.tlog
c:\users\false\desktop\rit things\swen261\seamlesscoopextension\dllscripting\dll project\x64\debug\nodeader.tlog\link-cvtres.read.1.tlog
c:\users\false\desktop\rit things\swen261\seamlesscoopextension\dllscripting\dll project\x64\debug\nodeader.tlog\link-cvtres.write.1.tlog
c:\users\false\desktop\rit things\swen261\seamlesscoopextension\dllscripting\dll project\x64\debug\nodeader.tlog\link-rc.read.1.tlog
c:\users\false\desktop\rit things\swen261\seamlesscoopextension\dllscripting\dll project\x64\debug\nodeader.tlog\link-rc.write.1.tlog
c:\users\false\desktop\rit things\swen261\seamlesscoopextension\dllscripting\dll project\x64\debug\nodeader.tlog\link.4384-cvtres.read.1.tlog
c:\users\false\desktop\rit things\swen261\seamlesscoopextension\dllscripting\dll project\x64\debug\nodeader.tlog\link.4384-cvtres.write.1.tlog
c:\users\false\desktop\rit things\swen261\seamlesscoopextension\dllscripting\dll project\x64\debug\nodeader.tlog\link.4384-rc.read.1.tlog
c:\users\false\desktop\rit things\swen261\seamlesscoopextension\dllscripting\dll project\x64\debug\nodeader.tlog\link.4384-rc.write.1.tlog
c:\users\false\desktop\rit things\swen261\seamlesscoopextension\dllscripting\dll project\x64\debug\nodeader.tlog\link.4384.read.1.tlog
c:\users\false\desktop\rit things\swen261\seamlesscoopextension\dllscripting\dll project\x64\debug\nodeader.tlog\link.4384.read.2.tlog
c:\users\false\desktop\rit things\swen261\seamlesscoopextension\dllscripting\dll project\x64\debug\nodeader.tlog\link.4384.write.1.tlog
c:\users\false\desktop\rit things\swen261\seamlesscoopextension\dllscripting\dll project\x64\debug\nodeader.tlog\link.command.1.tlog
c:\users\false\desktop\rit things\swen261\seamlesscoopextension\dllscripting\dll project\x64\debug\nodeader.tlog\link.read.1.tlog
c:\users\false\desktop\rit things\swen261\seamlesscoopextension\dllscripting\dll project\x64\debug\nodeader.tlog\link.read.2.tlog
c:\users\false\desktop\rit things\swen261\seamlesscoopextension\dllscripting\dll project\x64\debug\nodeader.tlog\link.write.1.tlog
